2013/11/17 22:24:09 [error] [system.db.CDbCommand] CDbCommand::fetchAll() failed: SQLSTATE[42S02]: Base table or view not found: 1146 Table 'loc_orm.tbl_migration' doesn't exist. The SQL statement executed was: SHOW FULL COLUMNS FROM `tbl_migration`.
2013/11/17 22:49:55 [error] [exception.CHttpException.403] exception 'CHttpException' with message 'You are not authorized to perform this action.' in /var/www/yiiiiii/framework/web/auth/CAccessControlFilter.php:182
Stack trace:
#0 /var/www/yiiiiii/framework/web/auth/CAccessControlFilter.php(145): CAccessControlFilter->accessDenied(Object(CWebUser), 'You are not aut...')
#1 /var/www/yiiiiii/framework/web/filters/CFilter.php(38): CAccessControlFilter->preFilter(Object(CFilterChain))
#2 /var/www/yiiiiii/framework/web/CController.php(1145): CFilter->filter(Object(CFilterChain))
#3 /var/www/yiiiiii/framework/web/filters/CInlineFilter.php(58): CController->filterAccessControl(Object(CFilterChain))
#4 /var/www/yiiiiii/framework/web/filters/CFilterChain.php(130): CInlineFilter->filter(Object(CFilterChain))
#5 /var/www/yiiiiii/framework/web/CController.php(291): CFilterChain->run()
#6 /var/www/yiiiiii/framework/web/CController.php(265): CController->runActionWithFilters(Object(CInlineAction), Array)
#7 /var/www/yiiiiii/framework/web/CWebApplication.php(282): CController->run('delete')
#8 /var/www/yiiiiii/framework/web/CWebApplication.php(141): CWebApplication->runController('project/delete')
#9 /var/www/yiiiiii/framework/base/CApplication.php(180): CWebApplication->processRequest()
#10 /var/www/trackstar/index.php(13): CApplication->run()
#11 {main}
REQUEST_URI=/trackstar/index.php?r=project/delete&id=1
HTTP_REFERER=http://localhost:8080/trackstar/index.php?r=project/view&id=1
---
2013/11/17 22:53:24 [error] [exception.CHttpException.400] exception 'CHttpException' with message 'Your request is invalid.' in /var/www/yiiiiii/framework/web/CController.php:1118
Stack trace:
#0 /var/www/yiiiiii/framework/web/filters/CInlineFilter.php(58): CController->filterPostOnly(Object(CFilterChain))
#1 /var/www/yiiiiii/framework/web/filters/CFilterChain.php(130): CInlineFilter->filter(Object(CFilterChain))
#2 /var/www/yiiiiii/framework/web/filters/CFilter.php(40): CFilterChain->run()
#3 /var/www/yiiiiii/framework/web/CController.php(1145): CFilter->filter(Object(CFilterChain))
#4 /var/www/yiiiiii/framework/web/filters/CInlineFilter.php(58): CController->filterAccessControl(Object(CFilterChain))
#5 /var/www/yiiiiii/framework/web/filters/CFilterChain.php(130): CInlineFilter->filter(Object(CFilterChain))
#6 /var/www/yiiiiii/framework/web/CController.php(291): CFilterChain->run()
#7 /var/www/yiiiiii/framework/web/CController.php(265): CController->runActionWithFilters(Object(CInlineAction), Array)
#8 /var/www/yiiiiii/framework/web/CWebApplication.php(282): CController->run('delete')
#9 /var/www/yiiiiii/framework/web/CWebApplication.php(141): CWebApplication->runController('project/delete')
#10 /var/www/yiiiiii/framework/base/CApplication.php(180): CWebApplication->processRequest()
#11 /var/www/trackstar/index.php(13): CApplication->run()
#12 {main}
REQUEST_URI=/trackstar/index.php?r=project/delete&id=1
HTTP_REFERER=http://localhost:8080/trackstar/index.php?r=site/login
---
