2013/11/11 16:17:50 [error] [exception.CHttpException.404] exception 'CHttpException' with message 'Unable to resolve the request "gii/default/index".' in /vagrant/yii-1.1.14.f0fee9/framework/web/CWebApplication.php:286
Stack trace:
#0 /vagrant/yii-1.1.14.f0fee9/framework/web/CWebApplication.php(141): CWebApplication->runController('gii/default/ind...')
#1 /vagrant/yii-1.1.14.f0fee9/framework/base/CApplication.php(180): CWebApplication->processRequest()
#2 /vagrant/helloworld/index.php(13): CApplication->run()
#3 {main}
REQUEST_URI=/helloworld/index.php?r=gii/default/index
HTTP_REFERER=http://localhost:8080/helloworld/index.php?r=gii/default/login
---
2013/11/12 18:46:40 [error] [exception.CHttpException.403] exception 'CHttpException' with message 'You are not allowed to access this page.' in /var/www/yii-1.1.14.f0fee9/framework/gii/GiiModule.php:170
Stack trace:
#0 /var/www/yii-1.1.14.f0fee9/framework/web/CController.php(263): GiiModule->beforeControllerAction(Object(DefaultController), Object(CInlineAction))
#1 /var/www/yii-1.1.14.f0fee9/framework/web/CWebApplication.php(282): CController->run('')
#2 /var/www/yii-1.1.14.f0fee9/framework/web/CWebApplication.php(141): CWebApplication->runController('gii')
#3 /var/www/yii-1.1.14.f0fee9/framework/base/CApplication.php(180): CWebApplication->processRequest()
#4 /var/www/helloworld/index.php(13): CApplication->run()
#5 {main}
REQUEST_URI=/helloworld/index.php?r=gii
---
2013/11/12 18:47:50 [error] [exception.CHttpException.403] exception 'CHttpException' with message 'You are not allowed to access this page.' in /var/www/yii-1.1.14.f0fee9/framework/gii/GiiModule.php:170
Stack trace:
#0 /var/www/yii-1.1.14.f0fee9/framework/web/CController.php(263): GiiModule->beforeControllerAction(Object(DefaultController), Object(CInlineAction))
#1 /var/www/yii-1.1.14.f0fee9/framework/web/CWebApplication.php(282): CController->run('')
#2 /var/www/yii-1.1.14.f0fee9/framework/web/CWebApplication.php(141): CWebApplication->runController('gii')
#3 /var/www/yii-1.1.14.f0fee9/framework/base/CApplication.php(180): CWebApplication->processRequest()
#4 /var/www/helloworld/index.php(13): CApplication->run()
#5 {main}
REQUEST_URI=/helloworld/index.php?r=gii
---
2013/11/12 18:47:56 [error] [exception.CHttpException.403] exception 'CHttpException' with message 'You are not allowed to access this page.' in /var/www/yii-1.1.14.f0fee9/framework/gii/GiiModule.php:170
Stack trace:
#0 /var/www/yii-1.1.14.f0fee9/framework/web/CController.php(263): GiiModule->beforeControllerAction(Object(DefaultController), Object(CInlineAction))
#1 /var/www/yii-1.1.14.f0fee9/framework/web/CWebApplication.php(282): CController->run('')
#2 /var/www/yii-1.1.14.f0fee9/framework/web/CWebApplication.php(141): CWebApplication->runController('gii')
#3 /var/www/yii-1.1.14.f0fee9/framework/base/CApplication.php(180): CWebApplication->processRequest()
#4 /var/www/helloworld/index.php(13): CApplication->run()
#5 {main}
REQUEST_URI=/helloworld/index.php?r=gii
---
